commit c23ad824da582bd7f42713e177f1f843fd8e8243
Author: umangkumarumk <umangkumarumk@gmail.com>
Date:   Sun Nov 7 17:22:31 2021 +0530

    Name file of spider commited

commit bfa31132a43879a30b3962b5cc2b32ad1acd4556
Author: umangkumarumk <umangkumarumk@gmail.com>
Date:   Sun Nov 7 17:21:44 2021 +0530

    First file of spider commited

commit e7e16cf27b127ef2deb0f01a6f53ead08b8671fa
Merge: 1865c6b 2f28547
Author: umangkumarumk <umangkumarumk@gmail.com>
Date:   Sun Nov 7 17:17:41 2021 +0530

    Merge branch 'Develop'

commit 2f285475bf7b205cf30c5f5855c2486e040f6acb
Author: umangkumarumk <umangkumarumk@gmail.com>
Date:   Sun Nov 7 17:16:14 2021 +0530

    Commit2 in Develop done

commit 1865c6bb05916beca497e77eb7518bc770abae3a
Author: umangkumarumk <umangkumarumk@gmail.com>
Date:   Sun Nov 7 17:12:33 2021 +0530

    Commit1 in main done

commit aba46a10c3fd19c1042ae9c0fd7c2152a14e6b53
Author: umangkumarumk <umangkumarumk@gmail.com>
Date:   Sun Nov 7 17:09:58 2021 +0530

    Commit1 in Develop Done

commit 91e7dc8b331893bff625fbe587a757f066a0c10c
Author: umangkumarumk <umangkumarumk@gmail.com>
Date:   Sun Nov 7 17:06:22 2021 +0530

    Initial Commit Done

commit f8524ddaf1f8961b9741ceef1fdaeb640fffe3ae
Author: Umang Kumar <umangkumarumk@gmail.com>
Date:   Sun Nov 7 11:32:19 2021 +0530

    Initial commit
